2025-11-04 18:45:31,301	[INFO]	(gateway.py:56)on_closed	[botpy] 关闭, 返回码: 4009, 返回信息: Session timed out
2025-11-04 18:45:31,304	[INFO]	(gateway.py:134)ws_connect	[botpy] ws关闭, 停止接收消息!
2025-11-04 18:45:36,307	[INFO]	(connection.py:60)multi_run	[botpy] 最大并发连接数: 1, 启动会话数: 1
2025-11-04 18:45:36,307	[INFO]	(client.py:242)bot_connect	[botpy] 会话启动中...
2025-11-04 18:45:36,307	[INFO]	(gateway.py:115)ws_connect	[botpy] 启动中...
2025-11-04 18:45:36,528	[INFO]	(gateway.py:175)ws_resume	[botpy] 重连启动...
2025-11-04 18:45:37,082	[INFO]	(robot.py:65)update_access_token	[botpy] access_token expires_in 7200
2025-11-04 18:45:37,204	[INFO]	(gateway.py:90)on_message	[botpy] 机器人重连成功! 
2025-11-04 18:45:37,204	[INFO]	(gateway.py:223)_send_heart	[botpy] 心跳维持启动...
2025-11-04 19:15:36,525	[INFO]	(gateway.py:56)on_closed	[botpy] 关闭, 返回码: 4009, 返回信息: Session timed out
2025-11-04 19:15:36,525	[INFO]	(gateway.py:134)ws_connect	[botpy] ws关闭, 停止接收消息!
2025-11-04 19:15:41,529	[INFO]	(connection.py:60)multi_run	[botpy] 最大并发连接数: 1, 启动会话数: 1
2025-11-04 19:15:41,529	[INFO]	(client.py:242)bot_connect	[botpy] 会话启动中...
2025-11-04 19:15:41,529	[INFO]	(gateway.py:115)ws_connect	[botpy] 启动中...
2025-11-04 19:15:41,873	[INFO]	(gateway.py:175)ws_resume	[botpy] 重连启动...
2025-11-04 19:15:42,012	[INFO]	(gateway.py:90)on_message	[botpy] 机器人重连成功! 
2025-11-04 19:15:42,012	[INFO]	(gateway.py:223)_send_heart	[botpy] 心跳维持启动...
2025-11-04 19:45:41,889	[INFO]	(gateway.py:56)on_closed	[botpy] 关闭, 返回码: 4009, 返回信息: Session timed out
2025-11-04 19:45:41,889	[INFO]	(gateway.py:134)ws_connect	[botpy] ws关闭, 停止接收消息!
2025-11-04 19:45:46,894	[INFO]	(connection.py:60)multi_run	[botpy] 最大并发连接数: 1, 启动会话数: 1
2025-11-04 19:45:46,894	[INFO]	(client.py:242)bot_connect	[botpy] 会话启动中...
2025-11-04 19:45:46,894	[INFO]	(gateway.py:115)ws_connect	[botpy] 启动中...
2025-11-04 19:45:47,102	[INFO]	(gateway.py:175)ws_resume	[botpy] 重连启动...
2025-11-04 19:45:47,196	[INFO]	(gateway.py:90)on_message	[botpy] 机器人重连成功! 
2025-11-04 19:45:47,196	[INFO]	(gateway.py:223)_send_heart	[botpy] 心跳维持启动...
2025-11-04 20:15:47,117	[INFO]	(gateway.py:56)on_closed	[botpy] 关闭, 返回码: 4009, 返回信息: Session timed out
2025-11-04 20:15:47,118	[INFO]	(gateway.py:134)ws_connect	[botpy] ws关闭, 停止接收消息!
2025-11-04 20:15:52,122	[INFO]	(connection.py:60)multi_run	[botpy] 最大并发连接数: 1, 启动会话数: 1
2025-11-04 20:15:52,122	[INFO]	(client.py:242)bot_connect	[botpy] 会话启动中...
2025-11-04 20:15:52,122	[INFO]	(gateway.py:115)ws_connect	[botpy] 启动中...
2025-11-04 20:15:52,342	[INFO]	(gateway.py:175)ws_resume	[botpy] 重连启动...
2025-11-04 20:15:52,483	[INFO]	(gateway.py:90)on_message	[botpy] 机器人重连成功! 
2025-11-04 20:15:52,483	[INFO]	(gateway.py:223)_send_heart	[botpy] 心跳维持启动...
2025-11-04 20:45:52,324	[INFO]	(gateway.py:56)on_closed	[botpy] 关闭, 返回码: 4009, 返回信息: Session timed out
2025-11-04 20:45:52,324	[INFO]	(gateway.py:134)ws_connect	[botpy] ws关闭, 停止接收消息!
2025-11-04 20:45:57,329	[INFO]	(connection.py:60)multi_run	[botpy] 最大并发连接数: 1, 启动会话数: 1
2025-11-04 20:45:57,329	[INFO]	(client.py:242)bot_connect	[botpy] 会话启动中...
2025-11-04 20:45:57,329	[INFO]	(gateway.py:115)ws_connect	[botpy] 启动中...
2025-11-04 20:45:57,620	[INFO]	(gateway.py:175)ws_resume	[botpy] 重连启动...
2025-11-04 20:45:58,196	[INFO]	(robot.py:65)update_access_token	[botpy] access_token expires_in 7200
2025-11-04 20:45:58,283	[INFO]	(gateway.py:90)on_message	[botpy] 机器人重连成功! 
2025-11-04 20:45:58,284	[INFO]	(gateway.py:223)_send_heart	[botpy] 心跳维持启动...
2025-11-04 21:15:57,633	[INFO]	(gateway.py:56)on_closed	[botpy] 关闭, 返回码: 4009, 返回信息: Session timed out
2025-11-04 21:15:57,633	[INFO]	(gateway.py:134)ws_connect	[botpy] ws关闭, 停止接收消息!
2025-11-04 21:16:02,637	[INFO]	(connection.py:60)multi_run	[botpy] 最大并发连接数: 1, 启动会话数: 1
2025-11-04 21:16:02,637	[INFO]	(client.py:242)bot_connect	[botpy] 会话启动中...
2025-11-04 21:16:02,637	[INFO]	(gateway.py:115)ws_connect	[botpy] 启动中...
2025-11-04 21:16:02,899	[INFO]	(gateway.py:175)ws_resume	[botpy] 重连启动...
2025-11-04 21:16:03,102	[INFO]	(gateway.py:90)on_message	[botpy] 机器人重连成功! 
2025-11-04 21:16:03,102	[INFO]	(gateway.py:223)_send_heart	[botpy] 心跳维持启动...
2025-11-04 21:46:02,850	[INFO]	(gateway.py:56)on_closed	[botpy] 关闭, 返回码: 4009, 返回信息: Session timed out
2025-11-04 21:46:02,850	[INFO]	(gateway.py:134)ws_connect	[botpy] ws关闭, 停止接收消息!
2025-11-04 21:46:07,854	[INFO]	(connection.py:60)multi_run	[botpy] 最大并发连接数: 1, 启动会话数: 1
2025-11-04 21:46:07,855	[INFO]	(client.py:242)bot_connect	[botpy] 会话启动中...
2025-11-04 21:46:07,855	[INFO]	(gateway.py:115)ws_connect	[botpy] 启动中...
2025-11-04 21:46:08,074	[INFO]	(gateway.py:175)ws_resume	[botpy] 重连启动...
2025-11-04 21:46:08,200	[INFO]	(gateway.py:90)on_message	[botpy] 机器人重连成功! 
2025-11-04 21:46:08,200	[INFO]	(gateway.py:223)_send_heart	[botpy] 心跳维持启动...
2025-11-04 22:16:08,050	[INFO]	(gateway.py:56)on_closed	[botpy] 关闭, 返回码: 4009, 返回信息: Session timed out
2025-11-04 22:16:08,050	[INFO]	(gateway.py:134)ws_connect	[botpy] ws关闭, 停止接收消息!
2025-11-04 22:16:13,054	[INFO]	(connection.py:60)multi_run	[botpy] 最大并发连接数: 1, 启动会话数: 1
2025-11-04 22:16:13,054	[INFO]	(client.py:242)bot_connect	[botpy] 会话启动中...
2025-11-04 22:16:13,054	[INFO]	(gateway.py:115)ws_connect	[botpy] 启动中...
2025-11-04 22:16:13,304	[INFO]	(gateway.py:175)ws_resume	[botpy] 重连启动...
2025-11-04 22:16:13,471	[INFO]	(gateway.py:90)on_message	[botpy] 机器人重连成功! 
2025-11-04 22:16:13,471	[INFO]	(gateway.py:223)_send_heart	[botpy] 心跳维持启动...
2025-11-04 22:46:13,390	[INFO]	(gateway.py:56)on_closed	[botpy] 关闭, 返回码: 4009, 返回信息: Session timed out
2025-11-04 22:46:13,390	[INFO]	(gateway.py:134)ws_connect	[botpy] ws关闭, 停止接收消息!
2025-11-04 22:46:18,394	[INFO]	(connection.py:60)multi_run	[botpy] 最大并发连接数: 1, 启动会话数: 1
2025-11-04 22:46:18,394	[INFO]	(client.py:242)bot_connect	[botpy] 会话启动中...
2025-11-04 22:46:18,394	[INFO]	(gateway.py:115)ws_connect	[botpy] 启动中...
2025-11-04 22:46:18,681	[INFO]	(gateway.py:175)ws_resume	[botpy] 重连启动...
2025-11-04 22:46:19,261	[INFO]	(robot.py:65)update_access_token	[botpy] access_token expires_in 7200
2025-11-04 22:46:19,352	[INFO]	(gateway.py:90)on_message	[botpy] 机器人重连成功! 
2025-11-04 22:46:19,352	[INFO]	(gateway.py:223)_send_heart	[botpy] 心跳维持启动...
